<?xml version="1.0" encoding="UTF-8"?>
<!-- Generated by org.testng.reporters.JUnitReportReporter -->
<testsuite hostname="DESKTOP-75VEL8U" failures="0" tests="1" name="com.swaglab.tests.logintest" time="2.787" errors="0" timestamp="2025-09-29T12:56:30 IST" skipped="0">
  <testcase classname="com.swaglab.tests.logintest" name="loginByvalidCredential" time="2.787"/>
</testsuite> <!-- com.swaglab.tests.logintest -->
